2024-05-13 12:16:04.5748|DEBUG|MailService.Program|init main
2024-05-13 12:16:46.7478|DEBUG|MailService.Program|init main
2024-05-13 12:16:47.9899|INFO|MailService|Starting service
2024-05-13 12:16:48.4085|DEBUG|Microsoft.AspNetCore.Mvc.ModelBinding.ModelBinderFactory|Registered model binder providers, in the following order: Microsoft.AspNetCore.Mvc.ModelBinding.Binders.BinderTypeModelBinderProvider, Microsoft.AspNetCore.Mvc.ModelBinding.Binders.ServicesModelBinderProvider, Microsoft.AspNetCore.Mvc.ModelBinding.Binders.BodyModelBinderProvider, Microsoft.AspNetCore.Mvc.ModelBinding.Binders.HeaderModelBinderProvider, Microsoft.AspNetCore.Mvc.ModelBinding.Binders.FloatingPointTypeModelBinderProvider, Microsoft.AspNetCore.Mvc.ModelBinding.Binders.EnumTypeModelBinderProvider, Microsoft.AspNetCore.Mvc.ModelBinding.Binders.DateTimeModelBinderProvider, Microsoft.AspNetCore.Mvc.ModelBinding.Binders.SimpleTypeModelBinderProvider, Microsoft.AspNetCore.Mvc.ModelBinding.Binders.TryParseModelBinderProvider, Microsoft.AspNetCore.Mvc.ModelBinding.Binders.CancellationTokenModelBinderProvider, Microsoft.AspNetCore.Mvc.ModelBinding.Binders.ByteArrayModelBinderProvider, Microsoft.AspNetCore.Mvc.ModelBinding.Binders.FormFileModelBinderProvider, Microsoft.AspNetCore.Mvc.ModelBinding.Binders.FormCollectionModelBinderProvider, Microsoft.AspNetCore.Mvc.ModelBinding.Binders.KeyValuePairModelBinderProvider, Microsoft.AspNetCore.Mvc.ModelBinding.Binders.DictionaryModelBinderProvider, Microsoft.AspNetCore.Mvc.ModelBinding.Binders.ArrayModelBinderProvider, Microsoft.AspNetCore.Mvc.ModelBinding.Binders.CollectionModelBinderProvider, Microsoft.AspNetCore.Mvc.ModelBinding.Binders.ComplexObjectModelBinderProvider
2024-05-13 12:16:48.5535|INFO|MailService|Controllers mapped
2024-05-13 12:16:48.5535|DEBUG|Microsoft.Extensions.Hosting.Internal.Host|Hosting starting
2024-05-13 12:16:48.6664|INFO|Microsoft.AspNetCore.DataProtection.KeyManagement.XmlKeyManager|User profile is available. Using 'C:\Users\JeffS\AppData\Local\ASP.NET\DataProtection-Keys' as key repository and Windows DPAPI to encrypt keys at rest.
2024-05-13 12:16:48.7912|DEBUG|Microsoft.AspNetCore.DataProtection.Repositories.FileSystemXmlRepository|Reading data from file 'C:\Users\JeffS\AppData\Local\ASP.NET\DataProtection-Keys\key-242dc688-13ea-4e37-b56d-b70a8f2befb8.xml'.
2024-05-13 12:16:48.8130|DEBUG|Microsoft.AspNetCore.DataProtection.Repositories.FileSystemXmlRepository|Reading data from file 'C:\Users\JeffS\AppData\Local\ASP.NET\DataProtection-Keys\key-78ddebcb-ed06-4eed-a364-411c19170fba.xml'.
2024-05-13 12:16:48.8331|DEBUG|Microsoft.AspNetCore.DataProtection.Repositories.FileSystemXmlRepository|Reading data from file 'C:\Users\JeffS\AppData\Local\ASP.NET\DataProtection-Keys\key-92c1df70-8ebc-4c5a-93bd-8424bab6c735.xml'.
2024-05-13 12:16:48.8689|DEBUG|Microsoft.AspNetCore.DataProtection.KeyManagement.XmlKeyManager|Found key {242dc688-13ea-4e37-b56d-b70a8f2befb8}.
2024-05-13 12:16:48.8797|DEBUG|Microsoft.AspNetCore.DataProtection.KeyManagement.XmlKeyManager|Found key {78ddebcb-ed06-4eed-a364-411c19170fba}.
2024-05-13 12:16:48.8797|DEBUG|Microsoft.AspNetCore.DataProtection.KeyManagement.XmlKeyManager|Found key {92c1df70-8ebc-4c5a-93bd-8424bab6c735}.
2024-05-13 12:16:48.8797|DEBUG|Microsoft.AspNetCore.DataProtection.KeyManagement.DefaultKeyResolver|Considering key {92c1df70-8ebc-4c5a-93bd-8424bab6c735} with expiration date 2024-08-11 07:51:20Z as default key.
2024-05-13 12:16:48.8797|DEBUG|Microsoft.AspNetCore.DataProtection.TypeForwardingActivator|Forwarded activator type request from Microsoft.AspNetCore.DataProtection.XmlEncryption.DpapiXmlDecryptor, Microsoft.AspNetCore.DataProtection, Version=8.0.0.0, Culture=neutral, PublicKeyToken=adb9793829ddae60 to Microsoft.AspNetCore.DataProtection.XmlEncryption.DpapiXmlDecryptor, Microsoft.AspNetCore.DataProtection, Culture=neutral, PublicKeyToken=adb9793829ddae60
2024-05-13 12:16:48.8797|DEBUG|Microsoft.AspNetCore.DataProtection.XmlEncryption.DpapiXmlDecryptor|Decrypting secret element using Windows DPAPI.
2024-05-13 12:16:48.8797|DEBUG|Microsoft.AspNetCore.DataProtection.TypeForwardingActivator|Forwarded activator type request from Microsoft.AspNetCore.DataProtection.AuthenticatedEncryption.ConfigurationModel.AuthenticatedEncryptorDescriptorDeserializer, Microsoft.AspNetCore.DataProtection, Version=8.0.0.0, Culture=neutral, PublicKeyToken=adb9793829ddae60 to Microsoft.AspNetCore.DataProtection.AuthenticatedEncryption.ConfigurationModel.AuthenticatedEncryptorDescriptorDeserializer, Microsoft.AspNetCore.DataProtection, Culture=neutral, PublicKeyToken=adb9793829ddae60
2024-05-13 12:16:48.8975|DEBUG|Microsoft.AspNetCore.DataProtection.AuthenticatedEncryption.CngCbcAuthenticatedEncryptorFactory|Opening CNG algorithm 'AES' from provider '(null)' with chaining mode CBC.
2024-05-13 12:16:48.8975|DEBUG|Microsoft.AspNetCore.DataProtection.AuthenticatedEncryption.CngCbcAuthenticatedEncryptorFactory|Opening CNG algorithm 'SHA256' from provider '(null)' with HMAC.
2024-05-13 12:16:48.8975|DEBUG|Microsoft.AspNetCore.DataProtection.KeyManagement.KeyRingProvider|Using key {92c1df70-8ebc-4c5a-93bd-8424bab6c735} as the default key.
2024-05-13 12:16:48.8975|DEBUG|Microsoft.AspNetCore.DataProtection.Internal.DataProtectionHostedService|Key ring with default key {92c1df70-8ebc-4c5a-93bd-8424bab6c735} was loaded during application startup.
2024-05-13 12:16:49.5185|INFO|Microsoft.Hosting.Lifetime|Now listening on: https://localhost:7241
2024-05-13 12:16:49.5185|INFO|Microsoft.Hosting.Lifetime|Now listening on: http://localhost:5143
2024-05-13 12:16:49.5185|DEBUG|Microsoft.AspNetCore.Hosting.Diagnostics|Loaded hosting startup assembly MailService
2024-05-13 12:16:49.5185|DEBUG|Microsoft.AspNetCore.Hosting.Diagnostics|Loaded hosting startup assembly Microsoft.AspNetCore.Watch.BrowserRefresh
2024-05-13 12:16:49.5185|DEBUG|Microsoft.AspNetCore.Hosting.Diagnostics|Loaded hosting startup assembly Microsoft.WebTools.BrowserLink.Net
2024-05-13 12:16:49.5185|INFO|Microsoft.Hosting.Lifetime|Application started. Press Ctrl+C to shut down.
2024-05-13 12:16:49.5185|INFO|Microsoft.Hosting.Lifetime|Hosting environment: Development
2024-05-13 12:16:49.5185|INFO|Microsoft.Hosting.Lifetime|Content root path: C:\Users\JeffS\Dropbox\EAAA\4.Semester\Projekt\MailService\MailService
2024-05-13 12:16:49.5204|DEBUG|Microsoft.Extensions.Hosting.Internal.Host|Hosting started
2024-05-13 12:16:49.8250|DEBUG|Microsoft.AspNetCore.Server.Kestrel.Connections|Connection id "0HN3J6N6O96RL" accepted.
2024-05-13 12:16:49.8250|DEBUG|Microsoft.AspNetCore.Server.Kestrel.Connections|Connection id "0HN3J6N6O96RL" started.
2024-05-13 12:16:49.8250|DEBUG|Microsoft.AspNetCore.Server.Kestrel.Connections|Connection id "0HN3J6N6O96RM" accepted.
2024-05-13 12:16:49.8250|DEBUG|Microsoft.AspNetCore.Server.Kestrel.Connections|Connection id "0HN3J6N6O96RM" started.
2024-05-13 12:16:49.8613|DEBUG|Microsoft.AspNetCore.Server.Kestrel.Transport.Sockets|Connection id "0HN3J6N6O96RL" received FIN.
2024-05-13 12:16:49.8613|DEBUG|Microsoft.AspNetCore.Server.Kestrel.Transport.Sockets|Connection id "0HN3J6N6O96RM" received FIN.
2024-05-13 12:16:49.8674|DEBUG|Microsoft.AspNetCore.Server.Kestrel.Https.Internal.HttpsConnectionMiddleware|Failed to authenticate HTTPS connection.|System.IO.IOException: Received an unexpected EOF or 0 bytes from the transport stream.
   at System.Net.Security.SslStream.ReceiveHandshakeFrameAsync[TIOAdapter](CancellationToken cancellationToken)
   at System.Net.Security.SslStream.ForceAuthenticationAsync[TIOAdapter](Boolean receiveFirst, Byte[] reAuthenticationData, CancellationToken cancellationToken)
   at Microsoft.AspNetCore.Server.Kestrel.Https.Internal.HttpsConnectionMiddleware.OnConnectionAsync(ConnectionContext context)
2024-05-13 12:16:49.8674|DEBUG|Microsoft.AspNetCore.Server.Kestrel.Https.Internal.HttpsConnectionMiddleware|Failed to authenticate HTTPS connection.|System.IO.IOException: Received an unexpected EOF or 0 bytes from the transport stream.
   at System.Net.Security.SslStream.ReceiveHandshakeFrameAsync[TIOAdapter](CancellationToken cancellationToken)
   at System.Net.Security.SslStream.ForceAuthenticationAsync[TIOAdapter](Boolean receiveFirst, Byte[] reAuthenticationData, CancellationToken cancellationToken)
   at Microsoft.AspNetCore.Server.Kestrel.Https.Internal.HttpsConnectionMiddleware.OnConnectionAsync(ConnectionContext context)
2024-05-13 12:16:50.0049|DEBUG|Microsoft.AspNetCore.Server.Kestrel.Connections|Connection id "0HN3J6N6O96RL" stopped.
2024-05-13 12:16:50.0049|DEBUG|Microsoft.AspNetCore.Server.Kestrel.Connections|Connection id "0HN3J6N6O96RM" stopped.
2024-05-13 12:16:50.0049|DEBUG|Microsoft.AspNetCore.Server.Kestrel.Transport.Sockets|Connection id "0HN3J6N6O96RL" sending FIN because: "The Socket transport's send loop completed gracefully."
2024-05-13 12:16:50.0049|DEBUG|Microsoft.AspNetCore.Server.Kestrel.Transport.Sockets|Connection id "0HN3J6N6O96RM" sending FIN because: "The Socket transport's send loop completed gracefully."
2024-05-13 12:16:50.0223|DEBUG|Microsoft.AspNetCore.Server.Kestrel.Connections|Connection id "0HN3J6N6O96RN" accepted.
2024-05-13 12:16:50.0223|DEBUG|Microsoft.AspNetCore.Server.Kestrel.Connections|Connection id "0HN3J6N6O96RN" started.
2024-05-13 12:16:50.0380|DEBUG|Microsoft.AspNetCore.Server.Kestrel.Https.Internal.HttpsConnectionMiddleware|Connection 0HN3J6N6O96RN established using the following protocol: Tls13
2024-05-13 12:16:50.1204|INFO|Microsoft.AspNetCore.Hosting.Diagnostics|Request starting HTTP/2 GET https://localhost:7241/swagger/index.html - - -
2024-05-13 12:16:50.1812|DEBUG|Microsoft.AspNetCore.HostFiltering.HostFilteringMiddleware|Wildcard detected, all requests with hosts will be allowed.
2024-05-13 12:16:50.2046|DEBUG|Microsoft.AspNetCore.Routing.Matching.DfaMatcher|No candidates found for the request path '/swagger/index.html'
2024-05-13 12:16:50.2046|DEBUG|Microsoft.AspNetCore.Routing.EndpointRoutingMiddleware|Request did not match any endpoints
2024-05-13 12:16:50.2253|DEBUG|Microsoft.AspNetCore.Authentication.JwtBearer.JwtBearerHandler|AuthenticationScheme: Bearer was not authenticated.
2024-05-13 12:16:50.3351|DEBUG|Microsoft.AspNetCore.Watch.BrowserRefresh.BrowserRefreshMiddleware|Response markup is scheduled to include browser refresh script injection.
2024-05-13 12:16:50.4523|DEBUG|Microsoft.AspNetCore.Watch.BrowserRefresh.BrowserRefreshMiddleware|Response markup was updated to include browser refresh script injection.
2024-05-13 12:16:50.4523|INFO|Microsoft.AspNetCore.Hosting.Diagnostics|Request finished HTTP/2 GET https://localhost:7241/swagger/index.html - 200 - text/html;charset=utf-8 335.5268ms
2024-05-13 12:16:50.4637|INFO|Microsoft.AspNetCore.Hosting.Diagnostics|Request starting HTTP/2 GET https://localhost:7241/_framework/aspnetcore-browser-refresh.js - - -
2024-05-13 12:16:50.4637|INFO|Microsoft.AspNetCore.Hosting.Diagnostics|Request finished HTTP/2 GET https://localhost:7241/_framework/aspnetcore-browser-refresh.js - 200 13758 application/javascript;+charset=utf-8 7.2256ms
2024-05-13 12:16:50.5078|INFO|Microsoft.AspNetCore.Hosting.Diagnostics|Request starting HTTP/2 GET https://localhost:7241/_vs/browserLink - - -
2024-05-13 12:16:50.5368|INFO|Microsoft.AspNetCore.Hosting.Diagnostics|Request finished HTTP/2 GET https://localhost:7241/_vs/browserLink - 200 - text/javascript;+charset=UTF-8 28.9819ms
2024-05-13 12:16:50.6737|INFO|Microsoft.AspNetCore.Hosting.Diagnostics|Request starting HTTP/2 GET https://localhost:7241/swagger/v1/swagger.json - - -
2024-05-13 12:16:50.6737|DEBUG|Microsoft.AspNetCore.Routing.Matching.DfaMatcher|No candidates found for the request path '/swagger/v1/swagger.json'
2024-05-13 12:16:50.6737|DEBUG|Microsoft.AspNetCore.Routing.EndpointRoutingMiddleware|Request did not match any endpoints
2024-05-13 12:16:50.6737|DEBUG|Microsoft.AspNetCore.Authentication.JwtBearer.JwtBearerHandler|AuthenticationScheme: Bearer was not authenticated.
2024-05-13 12:16:50.7331|INFO|Microsoft.AspNetCore.Hosting.Diagnostics|Request finished HTTP/2 GET https://localhost:7241/swagger/v1/swagger.json - 200 - application/json;charset=utf-8 59.3748ms
2024-05-13 12:16:51.8341|INFO|Microsoft.Hosting.Lifetime|Application is shutting down...
2024-05-13 12:16:51.8341|DEBUG|Microsoft.Extensions.Hosting.Internal.Host|Hosting stopping
2024-05-13 12:16:51.8341|DEBUG|Microsoft.AspNetCore.Server.Kestrel.Http2|Connection id "0HN3J6N6O96RN" is closing.
2024-05-13 12:16:51.8341|DEBUG|Microsoft.AspNetCore.Server.Kestrel.Http2|Connection id "0HN3J6N6O96RN" is closed. The last processed stream ID was 7.
2024-05-13 12:16:51.8341|DEBUG|Microsoft.AspNetCore.Server.Kestrel.Transport.Sockets|Connection id "0HN3J6N6O96RN" received FIN.
2024-05-13 12:16:51.8341|DEBUG|Microsoft.AspNetCore.Server.Kestrel.Transport.Sockets|Connection id "0HN3J6N6O96RN" sending FIN because: "The Socket transport's send loop completed gracefully."
2024-05-13 12:16:51.8341|DEBUG|Microsoft.AspNetCore.Server.Kestrel.Http2|The connection queue processing loop for 0HN3J6N6O96RN completed.
2024-05-13 12:16:51.8341|DEBUG|Microsoft.AspNetCore.Server.Kestrel.Connections|Connection id "0HN3J6N6O96RN" stopped.
2024-05-13 12:16:51.9539|DEBUG|Microsoft.Extensions.Hosting.Internal.Host|Hosting stopped
2024-05-14 14:09:42.8006|DEBUG|MailService.Program|init main
2024-05-14 14:09:44.0350|INFO|MailService|Starting service
2024-05-14 14:09:44.2178|DEBUG|Microsoft.AspNetCore.Mvc.ModelBinding.ModelBinderFactory|Registered model binder providers, in the following order: Microsoft.AspNetCore.Mvc.ModelBinding.Binders.BinderTypeModelBinderProvider, Microsoft.AspNetCore.Mvc.ModelBinding.Binders.ServicesModelBinderProvider, Microsoft.AspNetCore.Mvc.ModelBinding.Binders.BodyModelBinderProvider, Microsoft.AspNetCore.Mvc.ModelBinding.Binders.HeaderModelBinderProvider, Microsoft.AspNetCore.Mvc.ModelBinding.Binders.FloatingPointTypeModelBinderProvider, Microsoft.AspNetCore.Mvc.ModelBinding.Binders.EnumTypeModelBinderProvider, Microsoft.AspNetCore.Mvc.ModelBinding.Binders.DateTimeModelBinderProvider, Microsoft.AspNetCore.Mvc.ModelBinding.Binders.SimpleTypeModelBinderProvider, Microsoft.AspNetCore.Mvc.ModelBinding.Binders.TryParseModelBinderProvider, Microsoft.AspNetCore.Mvc.ModelBinding.Binders.CancellationTokenModelBinderProvider, Microsoft.AspNetCore.Mvc.ModelBinding.Binders.ByteArrayModelBinderProvider, Microsoft.AspNetCore.Mvc.ModelBinding.Binders.FormFileModelBinderProvider, Microsoft.AspNetCore.Mvc.ModelBinding.Binders.FormCollectionModelBinderProvider, Microsoft.AspNetCore.Mvc.ModelBinding.Binders.KeyValuePairModelBinderProvider, Microsoft.AspNetCore.Mvc.ModelBinding.Binders.DictionaryModelBinderProvider, Microsoft.AspNetCore.Mvc.ModelBinding.Binders.ArrayModelBinderProvider, Microsoft.AspNetCore.Mvc.ModelBinding.Binders.CollectionModelBinderProvider, Microsoft.AspNetCore.Mvc.ModelBinding.Binders.ComplexObjectModelBinderProvider
2024-05-14 14:09:44.3127|INFO|MailService|Controllers mapped
2024-05-14 14:09:44.3127|DEBUG|Microsoft.Extensions.Hosting.Internal.Host|Hosting starting
2024-05-14 14:09:44.3581|INFO|Microsoft.AspNetCore.DataProtection.KeyManagement.XmlKeyManager|User profile is available. Using 'C:\Users\JeffS\AppData\Local\ASP.NET\DataProtection-Keys' as key repository and Windows DPAPI to encrypt keys at rest.
2024-05-14 14:09:44.5571|DEBUG|Microsoft.AspNetCore.DataProtection.Repositories.FileSystemXmlRepository|Reading data from file 'C:\Users\JeffS\AppData\Local\ASP.NET\DataProtection-Keys\key-242dc688-13ea-4e37-b56d-b70a8f2befb8.xml'.
2024-05-14 14:09:44.5719|DEBUG|Microsoft.AspNetCore.DataProtection.Repositories.FileSystemXmlRepository|Reading data from file 'C:\Users\JeffS\AppData\Local\ASP.NET\DataProtection-Keys\key-78ddebcb-ed06-4eed-a364-411c19170fba.xml'.
2024-05-14 14:09:44.5719|DEBUG|Microsoft.AspNetCore.DataProtection.Repositories.FileSystemXmlRepository|Reading data from file 'C:\Users\JeffS\AppData\Local\ASP.NET\DataProtection-Keys\key-92c1df70-8ebc-4c5a-93bd-8424bab6c735.xml'.
2024-05-14 14:09:44.6170|DEBUG|Microsoft.AspNetCore.DataProtection.KeyManagement.XmlKeyManager|Found key {242dc688-13ea-4e37-b56d-b70a8f2befb8}.
2024-05-14 14:09:44.6331|DEBUG|Microsoft.AspNetCore.DataProtection.KeyManagement.XmlKeyManager|Found key {78ddebcb-ed06-4eed-a364-411c19170fba}.
2024-05-14 14:09:44.6331|DEBUG|Microsoft.AspNetCore.DataProtection.KeyManagement.XmlKeyManager|Found key {92c1df70-8ebc-4c5a-93bd-8424bab6c735}.
2024-05-14 14:09:44.6702|DEBUG|Microsoft.AspNetCore.DataProtection.KeyManagement.DefaultKeyResolver|Considering key {92c1df70-8ebc-4c5a-93bd-8424bab6c735} with expiration date 2024-08-11 07:51:20Z as default key.
2024-05-14 14:09:44.6702|DEBUG|Microsoft.AspNetCore.DataProtection.TypeForwardingActivator|Forwarded activator type request from Microsoft.AspNetCore.DataProtection.XmlEncryption.DpapiXmlDecryptor, Microsoft.AspNetCore.DataProtection, Version=8.0.0.0, Culture=neutral, PublicKeyToken=adb9793829ddae60 to Microsoft.AspNetCore.DataProtection.XmlEncryption.DpapiXmlDecryptor, Microsoft.AspNetCore.DataProtection, Culture=neutral, PublicKeyToken=adb9793829ddae60
2024-05-14 14:09:44.6808|DEBUG|Microsoft.AspNetCore.DataProtection.XmlEncryption.DpapiXmlDecryptor|Decrypting secret element using Windows DPAPI.
2024-05-14 14:09:44.6808|DEBUG|Microsoft.AspNetCore.DataProtection.TypeForwardingActivator|Forwarded activator type request from Microsoft.AspNetCore.DataProtection.AuthenticatedEncryption.ConfigurationModel.AuthenticatedEncryptorDescriptorDeserializer, Microsoft.AspNetCore.DataProtection, Version=8.0.0.0, Culture=neutral, PublicKeyToken=adb9793829ddae60 to Microsoft.AspNetCore.DataProtection.AuthenticatedEncryption.ConfigurationModel.AuthenticatedEncryptorDescriptorDeserializer, Microsoft.AspNetCore.DataProtection, Culture=neutral, PublicKeyToken=adb9793829ddae60
2024-05-14 14:09:44.6808|DEBUG|Microsoft.AspNetCore.DataProtection.AuthenticatedEncryption.CngCbcAuthenticatedEncryptorFactory|Opening CNG algorithm 'AES' from provider '(null)' with chaining mode CBC.
2024-05-14 14:09:44.6949|DEBUG|Microsoft.AspNetCore.DataProtection.AuthenticatedEncryption.CngCbcAuthenticatedEncryptorFactory|Opening CNG algorithm 'SHA256' from provider '(null)' with HMAC.
2024-05-14 14:09:44.6949|DEBUG|Microsoft.AspNetCore.DataProtection.KeyManagement.KeyRingProvider|Using key {92c1df70-8ebc-4c5a-93bd-8424bab6c735} as the default key.
2024-05-14 14:09:44.6949|DEBUG|Microsoft.AspNetCore.DataProtection.Internal.DataProtectionHostedService|Key ring with default key {92c1df70-8ebc-4c5a-93bd-8424bab6c735} was loaded during application startup.
2024-05-14 14:09:48.1772|INFO|Microsoft.Hosting.Lifetime|Now listening on: https://localhost:7241
2024-05-14 14:09:48.1772|INFO|Microsoft.Hosting.Lifetime|Now listening on: http://localhost:5143
2024-05-14 14:09:48.1772|DEBUG|Microsoft.AspNetCore.Hosting.Diagnostics|Loaded hosting startup assembly MailService
2024-05-14 14:09:48.1772|DEBUG|Microsoft.AspNetCore.Hosting.Diagnostics|Loaded hosting startup assembly Microsoft.AspNetCore.Watch.BrowserRefresh
2024-05-14 14:09:48.1772|DEBUG|Microsoft.AspNetCore.Hosting.Diagnostics|Loaded hosting startup assembly Microsoft.WebTools.BrowserLink.Net
2024-05-14 14:09:48.1772|INFO|Microsoft.Hosting.Lifetime|Application started. Press Ctrl+C to shut down.
2024-05-14 14:09:48.1772|INFO|Microsoft.Hosting.Lifetime|Hosting environment: Development
2024-05-14 14:09:48.1772|INFO|Microsoft.Hosting.Lifetime|Content root path: C:\Users\JeffS\Dropbox\EAAA\4.Semester\Projekt\MailService\MailService
2024-05-14 14:09:48.1772|DEBUG|Microsoft.Extensions.Hosting.Internal.Host|Hosting started
2024-05-14 14:09:48.6214|DEBUG|Microsoft.AspNetCore.Server.Kestrel.Connections|Connection id "0HN3K1R06GHDC" accepted.
2024-05-14 14:09:48.6214|DEBUG|Microsoft.AspNetCore.Server.Kestrel.Connections|Connection id "0HN3K1R06GHDB" accepted.
2024-05-14 14:09:48.6214|DEBUG|Microsoft.AspNetCore.Server.Kestrel.Connections|Connection id "0HN3K1R06GHDC" started.
2024-05-14 14:09:48.6214|DEBUG|Microsoft.AspNetCore.Server.Kestrel.Connections|Connection id "0HN3K1R06GHDB" started.
2024-05-14 14:09:49.3305|DEBUG|Microsoft.AspNetCore.Server.Kestrel.Connections|Connection id "0HN3K1R06GHDD" accepted.
2024-05-14 14:09:49.3305|DEBUG|Microsoft.AspNetCore.Server.Kestrel.Connections|Connection id "0HN3K1R06GHDD" started.
2024-05-14 14:09:49.4220|DEBUG|Microsoft.AspNetCore.Server.Kestrel.Https.Internal.HttpsConnectionMiddleware|Connection 0HN3K1R06GHDD established using the following protocol: Tls13
2024-05-14 14:09:49.6134|INFO|Microsoft.AspNetCore.Hosting.Diagnostics|Request starting HTTP/2 GET https://localhost:7241/swagger/index.html - - -
2024-05-14 14:09:49.6534|DEBUG|Microsoft.AspNetCore.HostFiltering.HostFilteringMiddleware|Wildcard detected, all requests with hosts will be allowed.
2024-05-14 14:09:49.7338|DEBUG|Microsoft.AspNetCore.Routing.Matching.DfaMatcher|No candidates found for the request path '/swagger/index.html'
2024-05-14 14:09:49.7338|DEBUG|Microsoft.AspNetCore.Routing.EndpointRoutingMiddleware|Request did not match any endpoints
2024-05-14 14:09:49.9785|DEBUG|Microsoft.AspNetCore.Authentication.JwtBearer.JwtBearerHandler|AuthenticationScheme: Bearer was not authenticated.
2024-05-14 14:09:52.5591|DEBUG|Microsoft.AspNetCore.Watch.BrowserRefresh.BrowserRefreshMiddleware|Response markup is scheduled to include browser refresh script injection.
2024-05-14 14:09:52.7871|DEBUG|Microsoft.AspNetCore.Watch.BrowserRefresh.BrowserRefreshMiddleware|Response markup was updated to include browser refresh script injection.
2024-05-14 14:09:52.8227|INFO|Microsoft.AspNetCore.Hosting.Diagnostics|Request finished HTTP/2 GET https://localhost:7241/swagger/index.html - 200 - text/html;charset=utf-8 3215.9609ms
2024-05-14 14:09:53.0349|INFO|Microsoft.AspNetCore.Hosting.Diagnostics|Request starting HTTP/2 GET https://localhost:7241/_framework/aspnetcore-browser-refresh.js - - -
2024-05-14 14:09:53.0514|INFO|Microsoft.AspNetCore.Hosting.Diagnostics|Request finished HTTP/2 GET https://localhost:7241/_framework/aspnetcore-browser-refresh.js - 200 13758 application/javascript;+charset=utf-8 16.2992ms
2024-05-14 14:09:53.4637|INFO|Microsoft.AspNetCore.Hosting.Diagnostics|Request starting HTTP/2 GET https://localhost:7241/swagger/v1/swagger.json - - -
2024-05-14 14:09:53.4950|DEBUG|Microsoft.AspNetCore.Routing.Matching.DfaMatcher|No candidates found for the request path '/swagger/v1/swagger.json'
2024-05-14 14:09:53.4950|DEBUG|Microsoft.AspNetCore.Routing.EndpointRoutingMiddleware|Request did not match any endpoints
2024-05-14 14:09:53.5254|DEBUG|Microsoft.AspNetCore.Authentication.JwtBearer.JwtBearerHandler|AuthenticationScheme: Bearer was not authenticated.
2024-05-14 14:09:54.2321|INFO|Microsoft.AspNetCore.Hosting.Diagnostics|Request finished HTTP/2 GET https://localhost:7241/swagger/v1/swagger.json - 200 - application/json;charset=utf-8 768.3703ms
2024-05-14 14:09:57.2703|DEBUG|Microsoft.AspNetCore.Server.Kestrel.Transport.Sockets|Connection id "0HN3K1R06GHDD" received FIN.
2024-05-14 14:09:57.2785|DEBUG|Microsoft.AspNetCore.Server.Kestrel.Http2|The connection queue processing loop for 0HN3K1R06GHDD completed.
2024-05-14 14:09:57.2972|DEBUG|Microsoft.AspNetCore.Server.Kestrel.Http2|Connection id "0HN3K1R06GHDD" is closed. The last processed stream ID was 5.
2024-05-14 14:09:57.2972|DEBUG|Microsoft.AspNetCore.Server.Kestrel.Transport.Sockets|Connection id "0HN3K1R06GHDD" sending FIN because: "The Socket transport's send loop completed gracefully."
2024-05-14 14:09:57.3133|DEBUG|Microsoft.AspNetCore.Server.Kestrel.Connections|Connection id "0HN3K1R06GHDD" stopped.
2024-05-14 14:09:58.6657|DEBUG|Microsoft.AspNetCore.Server.Kestrel.Https.Internal.HttpsConnectionMiddleware|Authentication of the HTTPS connection timed out.
2024-05-14 14:09:58.6657|DEBUG|Microsoft.AspNetCore.Server.Kestrel.Https.Internal.HttpsConnectionMiddleware|Authentication of the HTTPS connection timed out.
2024-05-14 14:09:58.6657|DEBUG|Microsoft.AspNetCore.Server.Kestrel.Connections|Connection id "0HN3K1R06GHDB" stopped.
2024-05-14 14:09:58.6657|DEBUG|Microsoft.AspNetCore.Server.Kestrel.Connections|Connection id "0HN3K1R06GHDC" stopped.
2024-05-14 14:09:58.6657|DEBUG|Microsoft.AspNetCore.Server.Kestrel.Transport.Sockets|Connection id "0HN3K1R06GHDB" sending FIN because: "The Socket transport's send loop completed gracefully."
2024-05-14 14:09:58.6657|DEBUG|Microsoft.AspNetCore.Server.Kestrel.Transport.Sockets|Connection id "0HN3K1R06GHDC" sending FIN because: "The Socket transport's send loop completed gracefully."
2024-05-14 14:10:57.8155|INFO|Microsoft.Hosting.Lifetime|Application is shutting down...
2024-05-14 14:10:57.8155|DEBUG|Microsoft.Extensions.Hosting.Internal.Host|Hosting stopping
2024-05-14 14:10:58.3135|DEBUG|Microsoft.Extensions.Hosting.Internal.Host|Hosting stopped
